Base path: /Applications/Unity/Unity.app/Contents
Cmd: initializeCompiler
Cmd: preprocess
  insize=2873 outsize=3409 ok=1
Cmd: preprocess
  insize=1399 outsize=440 ok=1
Cmd: preprocess
  insize=435 outsize=435 ok=1
Cmd: preprocess
  insize=7913 outsize=553 ok=1
Cmd: preprocess
  insize=2270 outsize=1749 ok=1
Cmd: preprocess
  insize=1615 outsize=1854 ok=1
Cmd: preprocess
  insize=609 outsize=1461 ok=1
Cmd: preprocess
  insize=4460 outsize=709 ok=1
Cmd: preprocess
  insize=9388 outsize=4945 ok=1
Cmd: preprocess
  insize=6026 outsize=985 ok=1
Cmd: preprocess
  insize=2819 outsize=1466 ok=1
Cmd: preprocess
  insize=2039 outsize=1110 ok=1
Cmd: preprocess
  insize=4242 outsize=1054 ok=1
Cmd: preprocess
  insize=1631 outsize=1428 ok=1
Cmd: preprocess
  insize=2870 outsize=774 ok=1
Cmd: preprocess
  insize=898 outsize=1428 ok=1
Cmd: preprocess
  insize=822 outsize=496 ok=1
Cmd: preprocess
  insize=1099 outsize=1288 ok=1
Cmd: preprocess
  insize=12466 outsize=6115 ok=1
Cmd: preprocess
  insize=1454 outsize=1799 ok=1
Cmd: preprocess
  insize=1013 outsize=1374 ok=1
Cmd: preprocess
  insize=12931 outsize=2549 ok=1
Cmd: preprocess
  insize=1044 outsize=940 ok=1
Cmd: preprocess
  insize=933 outsize=388 ok=1
Cmd: preprocess
  insize=2311 outsize=1790 ok=1
Cmd: preprocess
  insize=2273 outsize=1010 ok=1
Cmd: preprocess
  insize=2925 outsize=3064 ok=1
Cmd: preprocess
  insize=2636 outsize=3176 ok=1
Cmd: preprocess
  insize=2236 outsize=943 ok=1
Cmd: preprocess
  insize=18616 outsize=3058 ok=1
Cmd: preprocess
  insize=340 outsize=337 ok=1
Cmd: preprocess
  insize=1447 outsize=661 ok=1
Cmd: preprocess
  insize=12069 outsize=2430 ok=1
Cmd: preprocess
  insize=1026 outsize=1263 ok=1
Cmd: preprocess
  insize=2667 outsize=1124 ok=1
Cmd: preprocess
  insize=1567 outsize=610 ok=1
Cmd: preprocess
  insize=1876 outsize=565 ok=1
Cmd: preprocess
  insize=5182 outsize=3059 ok=1
Cmd: preprocess
  insize=2688 outsize=2830 ok=1
Cmd: preprocess
  insize=2681 outsize=2093 ok=1
Cmd: preprocess
  insize=2167 outsize=1414 ok=1
Cmd: preprocess
  insize=782 outsize=340 ok=1
Cmd: preprocess
  insize=669 outsize=356 ok=1
Cmd: preprocess
  insize=2641 outsize=2053 ok=1
Cmd: preprocess
  insize=6657 outsize=3875 ok=1
Cmd: preprocess
  insize=1013 outsize=1615 ok=1
Cmd: preprocess
  insize=1457 outsize=472 ok=1
Cmd: preprocess
  insize=2273 outsize=1004 ok=1
Cmd: preprocess
  insize=3021 outsize=1626 ok=1
Cmd: preprocess
  insize=1474 outsize=688 ok=1
Cmd: preprocess
  insize=24689 outsize=5773 ok=1
Cmd: preprocess
  insize=1308 outsize=351 ok=1
Cmd: preprocess
  insize=1113 outsize=441 ok=1
Cmd: preprocess
  insize=1044 outsize=822 ok=1
Cmd: preprocess
  insize=880 outsize=1145 ok=1
Cmd: preprocess
  insize=5404 outsize=3887 ok=1
Cmd: preprocess
  insize=5597 outsize=855 ok=1
Cmd: preprocess
  insize=700 outsize=1161 ok=1
Cmd: preprocess
  insize=1643 outsize=635 ok=1
Cmd: compileSnippet
  api=14 type=0 insize=13719 outsize=3913 kw=DIRECTIONAL LIGHTPROBE_SH FOG_EXP pd=UNITY_ENABLE_REFLECTION_BUFFERS UNITY_USE_DITHER_MASK_FOR_ALPHABLENDED_SHADOWS UNITY_PBS_USE_BRDF1 UNITY_SPECCUBE_BOX_PROJECTION UNITY_SPECCUBE_BLENDING UNITY_ENABLE_DETAIL_NORMALMAP SHADER_API_DESKTOP UNITY_COLORSPACE_GAMMA UNITY_LIGHT_PROBE_PROXY_VOLUME UNITY_LIGHTMAP_FULL_HDR ok=1
Cmd: compileSnippet
  api=14 type=1 insize=13719 outsize=3538 kw=DIRECTIONAL LIGHTPROBE_SH FOG_EXP pd=UNITY_ENABLE_REFLECTION_BUFFERS UNITY_USE_DITHER_MASK_FOR_ALPHABLENDED_SHADOWS UNITY_PBS_USE_BRDF1 UNITY_SPECCUBE_BOX_PROJECTION UNITY_SPECCUBE_BLENDING UNITY_ENABLE_DETAIL_NORMALMAP SHADER_API_DESKTOP UNITY_COLORSPACE_GAMMA UNITY_LIGHT_PROBE_PROXY_VOLUME UNITY_LIGHTMAP_FULL_HDR ok=1
Cmd: compileSnippet
  api=14 type=0 insize=3887 outsize=2636 kw=DIRECTIONAL FOG_EXP pd=UNITY_ENABLE_REFLECTION_BUFFERS UNITY_USE_DITHER_MASK_FOR_ALPHABLENDED_SHADOWS UNITY_PBS_USE_BRDF1 UNITY_SPECCUBE_BOX_PROJECTION UNITY_SPECCUBE_BLENDING UNITY_ENABLE_DETAIL_NORMALMAP SHADER_API_DESKTOP UNITY_COLORSPACE_GAMMA UNITY_LIGHT_PROBE_PROXY_VOLUME UNITY_LIGHTMAP_FULL_HDR ok=1
Cmd: compileSnippet
  api=14 type=1 insize=3887 outsize=3299 kw=DIRECTIONAL FOG_EXP pd=UNITY_ENABLE_REFLECTION_BUFFERS UNITY_USE_DITHER_MASK_FOR_ALPHABLENDED_SHADOWS UNITY_PBS_USE_BRDF1 UNITY_SPECCUBE_BOX_PROJECTION UNITY_SPECCUBE_BLENDING UNITY_ENABLE_DETAIL_NORMALMAP SHADER_API_DESKTOP UNITY_COLORSPACE_GAMMA UNITY_LIGHT_PROBE_PROXY_VOLUME UNITY_LIGHTMAP_FULL_HDR ok=1
